2025-03-20 11:04:37,715 - utils - ERROR - MongoDB connection error: localhost:27017: [Errno 61] Connection refused (configured timeouts: socketTimeoutMS: 20000.0ms, connectTimeoutMS: 20000.0ms), Timeout: 30s, Topology Description: <TopologyDescription id: 67dc2e67850a22577ccf61ac, topology_type: Unknown, servers: [<ServerDescription ('localhost', 27017) server_type: Unknown, rtt: None, error=AutoReconnect('localhost:27017: [Errno 61] Connection refused (configured timeouts: socketTimeoutMS: 20000.0ms, connectTimeoutMS: 20000.0ms)')>]>
2025-03-20 11:05:08,129 - utils - ERROR - MongoDB connection error: localhost:27017: [Errno 61] Connection refused (configured timeouts: socketTimeoutMS: 20000.0ms, connectTimeoutMS: 20000.0ms), Timeout: 30s, Topology Description: <TopologyDescription id: 67dc2e85850a22577ccf61ad, topology_type: Unknown, servers: [<ServerDescription ('localhost', 27017) server_type: Unknown, rtt: None, error=AutoReconnect('localhost:27017: [Errno 61] Connection refused (configured timeouts: socketTimeoutMS: 20000.0ms, connectTimeoutMS: 20000.0ms)')>]>
2025-03-20 11:07:33,213 - utils - ERROR - MongoDB connection error: localhost:27017: [Errno 61] Connection refused (configured timeouts: socketTimeoutMS: 20000.0ms, connectTimeoutMS: 20000.0ms), Timeout: 30s, Topology Description: <TopologyDescription id: 67dc2f165cf9005b87edd911, topology_type: Unknown, servers: [<ServerDescription ('localhost', 27017) server_type: Unknown, rtt: None, error=AutoReconnect('localhost:27017: [Errno 61] Connection refused (configured timeouts: socketTimeoutMS: 20000.0ms, connectTimeoutMS: 20000.0ms)')>]>
2025-03-20 11:08:03,620 - utils - ERROR - MongoDB connection error: localhost:27017: [Errno 61] Connection refused (configured timeouts: socketTimeoutMS: 20000.0ms, connectTimeoutMS: 20000.0ms), Timeout: 30s, Topology Description: <TopologyDescription id: 67dc2f355cf9005b87edd912, topology_type: Unknown, servers: [<ServerDescription ('localhost', 27017) server_type: Unknown, rtt: None, error=AutoReconnect('localhost:27017: [Errno 61] Connection refused (configured timeouts: socketTimeoutMS: 20000.0ms, connectTimeoutMS: 20000.0ms)')>]>
2025-03-20 11:08:03,901 - utils - INFO - Creating all features with 90 days lookback
2025-03-20 11:08:03,902 - utils - INFO - Creating user features
2025-03-20 11:15:11,143 - utils - ERROR - MongoDB connection error: localhost:27017: [Errno 61] Connection refused (configured timeouts: socketTimeoutMS: 20000.0ms, connectTimeoutMS: 20000.0ms), Timeout: 30s, Topology Description: <TopologyDescription id: 67dc30e0b04af0b573b812c7, topology_type: Unknown, servers: [<ServerDescription ('localhost', 27017) server_type: Unknown, rtt: None, error=AutoReconnect('localhost:27017: [Errno 61] Connection refused (configured timeouts: socketTimeoutMS: 20000.0ms, connectTimeoutMS: 20000.0ms)')>]>
2025-03-20 11:15:41,552 - utils - ERROR - MongoDB connection error: localhost:27017: [Errno 61] Connection refused (configured timeouts: socketTimeoutMS: 20000.0ms, connectTimeoutMS: 20000.0ms), Timeout: 30s, Topology Description: <TopologyDescription id: 67dc30ffb04af0b573b812c8, topology_type: Unknown, servers: [<ServerDescription ('localhost', 27017) server_type: Unknown, rtt: None, error=AutoReconnect('localhost:27017: [Errno 61] Connection refused (configured timeouts: socketTimeoutMS: 20000.0ms, connectTimeoutMS: 20000.0ms)')>]>
2025-03-20 11:15:41,799 - utils - INFO - Creating all features with 90 days lookback
2025-03-20 11:15:41,800 - utils - INFO - Creating user features
2025-03-20 11:19:15,449 - utils - ERROR - MongoDB connection error: localhost:27017: [Errno 61] Connection refused (configured timeouts: socketTimeoutMS: 20000.0ms, connectTimeoutMS: 20000.0ms), Timeout: 30s, Topology Description: <TopologyDescription id: 67dc31d57861295c0aec2f15, topology_type: Unknown, servers: [<ServerDescription ('localhost', 27017) server_type: Unknown, rtt: None, error=AutoReconnect('localhost:27017: [Errno 61] Connection refused (configured timeouts: socketTimeoutMS: 20000.0ms, connectTimeoutMS: 20000.0ms)')>]>
2025-03-20 11:19:45,811 - utils - ERROR - MongoDB connection error: localhost:27017: [Errno 61] Connection refused (configured timeouts: socketTimeoutMS: 20000.0ms, connectTimeoutMS: 20000.0ms), Timeout: 30s, Topology Description: <TopologyDescription id: 67dc31f37861295c0aec2f16, topology_type: Unknown, servers: [<ServerDescription ('localhost', 27017) server_type: Unknown, rtt: None, error=AutoReconnect('localhost:27017: [Errno 61] Connection refused (configured timeouts: socketTimeoutMS: 20000.0ms, connectTimeoutMS: 20000.0ms)')>]>
2025-03-20 11:19:46,079 - utils - INFO - Creating all features with 90 days lookback
2025-03-20 11:19:46,079 - utils - INFO - Creating user features
2025-03-20 16:03:41,134 - utils - ERROR - MongoDB connection error: localhost:27017: [Errno 61] Connection refused (configured timeouts: socketTimeoutMS: 20000.0ms, connectTimeoutMS: 20000.0ms), Timeout: 30s, Topology Description: <TopologyDescription id: 67dc747eb79192e9b2fdf1c7, topology_type: Unknown, servers: [<ServerDescription ('localhost', 27017) server_type: Unknown, rtt: None, error=AutoReconnect('localhost:27017: [Errno 61] Connection refused (configured timeouts: socketTimeoutMS: 20000.0ms, connectTimeoutMS: 20000.0ms)')>]>
2025-03-20 16:04:35,251 - utils - ERROR - MongoDB connection error: localhost:27017: [Errno 61] Connection refused (configured timeouts: socketTimeoutMS: 20000.0ms, connectTimeoutMS: 20000.0ms), Timeout: 30s, Topology Description: <TopologyDescription id: 67dc74b41a0f1413dccc2801, topology_type: Unknown, servers: [<ServerDescription ('localhost', 27017) server_type: Unknown, rtt: None, error=AutoReconnect('localhost:27017: [Errno 61] Connection refused (configured timeouts: socketTimeoutMS: 20000.0ms, connectTimeoutMS: 20000.0ms)')>]>
2025-03-20 16:05:05,634 - utils - ERROR - MongoDB connection error: localhost:27017: [Errno 61] Connection refused (configured timeouts: socketTimeoutMS: 20000.0ms, connectTimeoutMS: 20000.0ms), Timeout: 30s, Topology Description: <TopologyDescription id: 67dc74d31a0f1413dccc2802, topology_type: Unknown, servers: [<ServerDescription ('localhost', 27017) server_type: Unknown, rtt: None, error=AutoReconnect('localhost:27017: [Errno 61] Connection refused (configured timeouts: socketTimeoutMS: 20000.0ms, connectTimeoutMS: 20000.0ms)')>]>
2025-03-20 16:05:05,831 - utils - INFO - Creating all features with 90 days lookback
2025-03-20 16:05:05,831 - utils - INFO - Creating user features
2025-03-20 16:13:07,493 - utils - ERROR - MongoDB connection error: localhost:27017: [Errno 61] Connection refused (configured timeouts: socketTimeoutMS: 20000.0ms, connectTimeoutMS: 20000.0ms), Timeout: 30s, Topology Description: <TopologyDescription id: 67dc76b59787af712fc1577e, topology_type: Unknown, servers: [<ServerDescription ('localhost', 27017) server_type: Unknown, rtt: None, error=AutoReconnect('localhost:27017: [Errno 61] Connection refused (configured timeouts: socketTimeoutMS: 20000.0ms, connectTimeoutMS: 20000.0ms)')>]>
2025-03-20 16:13:37,883 - utils - ERROR - MongoDB connection error: localhost:27017: [Errno 61] Connection refused (configured timeouts: socketTimeoutMS: 20000.0ms, connectTimeoutMS: 20000.0ms), Timeout: 30s, Topology Description: <TopologyDescription id: 67dc76d39787af712fc1577f, topology_type: Unknown, servers: [<ServerDescription ('localhost', 27017) server_type: Unknown, rtt: None, error=AutoReconnect('localhost:27017: [Errno 61] Connection refused (configured timeouts: socketTimeoutMS: 20000.0ms, connectTimeoutMS: 20000.0ms)')>]>
2025-03-20 16:13:38,144 - utils - INFO - Creating all features with 90 days lookback
2025-03-20 16:13:38,144 - utils - INFO - Creating user features
2025-03-20 16:22:09,709 - utils - ERROR - MongoDB connection error: localhost:27017: [Errno 61] Connection refused (configured timeouts: socketTimeoutMS: 20000.0ms, connectTimeoutMS: 20000.0ms), Timeout: 30s, Topology Description: <TopologyDescription id: 67dc78d3f27bea76c32244c5, topology_type: Unknown, servers: [<ServerDescription ('localhost', 27017) server_type: Unknown, rtt: None, error=AutoReconnect('localhost:27017: [Errno 61] Connection refused (configured timeouts: socketTimeoutMS: 20000.0ms, connectTimeoutMS: 20000.0ms)')>]>
2025-03-20 16:22:40,106 - utils - ERROR - MongoDB connection error: localhost:27017: [Errno 61] Connection refused (configured timeouts: socketTimeoutMS: 20000.0ms, connectTimeoutMS: 20000.0ms), Timeout: 30s, Topology Description: <TopologyDescription id: 67dc78f1f27bea76c32244c6, topology_type: Unknown, servers: [<ServerDescription ('localhost', 27017) server_type: Unknown, rtt: None, error=AutoReconnect('localhost:27017: [Errno 61] Connection refused (configured timeouts: socketTimeoutMS: 20000.0ms, connectTimeoutMS: 20000.0ms)')>]>
2025-03-20 16:22:40,349 - utils - INFO - Creating all features with 90 days lookback
2025-03-20 16:22:40,349 - utils - INFO - Creating user features
2025-03-20 18:55:13,212 - utils - ERROR - MongoDB connection error: localhost:27017: [Errno 61] Connection refused (configured timeouts: socketTimeoutMS: 20000.0ms, connectTimeoutMS: 20000.0ms), Timeout: 30s, Topology Description: <TopologyDescription id: 67dc9cb2513748e66456f28c, topology_type: Unknown, servers: [<ServerDescription ('localhost', 27017) server_type: Unknown, rtt: None, error=AutoReconnect('localhost:27017: [Errno 61] Connection refused (configured timeouts: socketTimeoutMS: 20000.0ms, connectTimeoutMS: 20000.0ms)')>]>
2025-03-20 18:55:43,604 - utils - ERROR - MongoDB connection error: localhost:27017: [Errno 61] Connection refused (configured timeouts: socketTimeoutMS: 20000.0ms, connectTimeoutMS: 20000.0ms), Timeout: 30s, Topology Description: <TopologyDescription id: 67dc9cd1513748e66456f28d, topology_type: Unknown, servers: [<ServerDescription ('localhost', 27017) server_type: Unknown, rtt: None, error=AutoReconnect('localhost:27017: [Errno 61] Connection refused (configured timeouts: socketTimeoutMS: 20000.0ms, connectTimeoutMS: 20000.0ms)')>]>
2025-03-20 18:55:43,818 - utils - INFO - Creating all features with 90 days lookback
2025-03-20 18:55:43,818 - utils - INFO - Creating user features
2025-03-20 19:10:21,388 - utils - ERROR - MongoDB connection error: localhost:27017: [Errno 61] Connection refused (configured timeouts: socketTimeoutMS: 20000.0ms, connectTimeoutMS: 20000.0ms), Timeout: 30s, Topology Description: <TopologyDescription id: 67dca03ef14881048ba974d7, topology_type: Unknown, servers: [<ServerDescription ('localhost', 27017) server_type: Unknown, rtt: None, error=AutoReconnect('localhost:27017: [Errno 61] Connection refused (configured timeouts: socketTimeoutMS: 20000.0ms, connectTimeoutMS: 20000.0ms)')>]>
2025-03-20 19:10:51,726 - utils - ERROR - MongoDB connection error: localhost:27017: [Errno 61] Connection refused (configured timeouts: socketTimeoutMS: 20000.0ms, connectTimeoutMS: 20000.0ms), Timeout: 30s, Topology Description: <TopologyDescription id: 67dca05df14881048ba974d8, topology_type: Unknown, servers: [<ServerDescription ('localhost', 27017) server_type: Unknown, rtt: None, error=AutoReconnect('localhost:27017: [Errno 61] Connection refused (configured timeouts: socketTimeoutMS: 20000.0ms, connectTimeoutMS: 20000.0ms)')>]>
2025-03-20 19:10:51,928 - utils - INFO - Creating all features with 90 days lookback
2025-03-20 19:10:51,928 - utils - INFO - Creating user features
2025-04-06 17:43:07,074 - utils - ERROR - MongoDB connection error: localhost:27017: [Errno 61] Connection refused (configured timeouts: socketTimeoutMS: 20000.0ms, connectTimeoutMS: 20000.0ms), Timeout: 30s, Topology Description: <TopologyDescription id: 67f2f54c9e458701aafe54e3, topology_type: Unknown, servers: [<ServerDescription ('localhost', 27017) server_type: Unknown, rtt: None, error=AutoReconnect('localhost:27017: [Errno 61] Connection refused (configured timeouts: socketTimeoutMS: 20000.0ms, connectTimeoutMS: 20000.0ms)')>]>
2025-04-06 17:43:37,481 - utils - ERROR - MongoDB connection error: localhost:27017: [Errno 61] Connection refused (configured timeouts: socketTimeoutMS: 20000.0ms, connectTimeoutMS: 20000.0ms), Timeout: 30s, Topology Description: <TopologyDescription id: 67f2f56b9e458701aafe54e4, topology_type: Unknown, servers: [<ServerDescription ('localhost', 27017) server_type: Unknown, rtt: None, error=AutoReconnect('localhost:27017: [Errno 61] Connection refused (configured timeouts: socketTimeoutMS: 20000.0ms, connectTimeoutMS: 20000.0ms)')>]>
2025-04-06 17:43:37,795 - utils - INFO - Creating all features with 90 days lookback
2025-04-06 17:43:37,796 - utils - INFO - Creating user features
2025-04-06 17:49:14,903 - utils - INFO - MongoDB collections created
2025-04-06 17:49:14,915 - utils - INFO - MongoDB collections created
2025-04-06 17:49:15,246 - utils - INFO - Creating all features with 90 days lookback
2025-04-06 17:49:15,247 - utils - INFO - Creating user features
2025-04-06 17:54:44,289 - utils - INFO - MongoDB collections created
2025-04-06 17:54:44,296 - utils - INFO - MongoDB collections created
2025-04-06 17:54:44,602 - utils - INFO - Creating all features with 90 days lookback
2025-04-06 17:54:44,602 - utils - INFO - Creating user features
2025-04-06 17:56:45,254 - utils - INFO - MongoDB collections created
2025-04-06 17:56:45,259 - utils - INFO - MongoDB collections created
2025-04-06 17:56:45,595 - utils - INFO - Creating all features with 90 days lookback
2025-04-06 17:56:45,595 - utils - INFO - Creating user features
2025-04-06 17:57:42,142 - utils - INFO - MongoDB collections created
2025-04-06 17:57:42,149 - utils - INFO - MongoDB collections created
2025-04-06 17:57:42,440 - utils - INFO - Creating all features with 90 days lookback
2025-04-06 17:57:42,440 - utils - INFO - Creating user features
2025-04-06 17:58:25,813 - utils - INFO - MongoDB collections created
2025-04-06 17:58:25,828 - utils - INFO - MongoDB collections created
2025-04-06 17:58:26,114 - utils - INFO - Creating all features with 90 days lookback
2025-04-06 17:58:26,114 - utils - INFO - Creating user features
2025-04-06 17:59:54,472 - utils - INFO - MongoDB collections created
2025-04-06 17:59:54,478 - utils - INFO - MongoDB collections created
2025-04-06 17:59:54,813 - utils - INFO - Creating all features with 90 days lookback
2025-04-06 17:59:54,814 - utils - INFO - Creating user features
2025-04-06 18:03:22,572 - utils - INFO - MongoDB collections created
2025-04-06 18:03:22,578 - utils - INFO - MongoDB collections created
2025-04-06 18:03:22,867 - utils - INFO - Creating all features with 30 days lookback
2025-04-06 18:03:22,868 - utils - INFO - Creating user features
2025-04-06 18:09:31,777 - utils - INFO - MongoDB collections created
2025-04-06 18:09:31,781 - utils - INFO - MongoDB collections created
2025-04-06 18:09:32,113 - utils - INFO - Creating all features with 30 days lookback
2025-04-06 18:09:32,113 - utils - INFO - Creating user features
2025-04-06 18:11:48,505 - utils - INFO - MongoDB collections created
2025-04-06 18:11:48,511 - utils - INFO - MongoDB collections created
2025-04-06 18:11:48,771 - utils - INFO - Starting Exploratory Data Analysis
2025-04-06 18:24:37,547 - utils - INFO - MongoDB collections created
2025-04-06 18:24:37,553 - utils - INFO - MongoDB collections created
2025-04-06 18:24:37,814 - utils - INFO - Starting Exploratory Data Analysis
2025-04-06 18:29:44,643 - utils - INFO - MongoDB collections created
2025-04-06 18:29:44,649 - utils - INFO - MongoDB collections created
2025-04-06 18:29:46,073 - utils - INFO - Starting Exploratory Data Analysis
2025-04-06 18:46:16,353 - utils - INFO - MongoDB collections created
2025-04-06 18:46:16,358 - utils - INFO - MongoDB collections created
2025-04-06 18:46:16,583 - utils - INFO - Starting Exploratory Data Analysis
2025-04-06 18:46:16,897 - utils - INFO - Starting analysis: Event Type Distribution
2025-04-06 18:47:12,223 - utils - INFO - Completed analysis: Event Type Distribution
2025-04-06 18:47:12,227 - utils - INFO - Starting analysis: Top Product Categories
2025-04-06 18:48:11,159 - utils - INFO - Completed analysis: Top Product Categories
2025-04-06 18:48:11,164 - utils - INFO - Starting analysis: Purchase Funnel
2025-04-06 18:49:29,802 - utils - INFO - Completed analysis: Purchase Funnel
2025-04-06 18:49:29,802 - utils - INFO - Starting analysis: Time Based Analysis
2025-04-06 18:50:33,761 - utils - INFO - Completed analysis: Time Based Analysis
2025-04-06 18:50:33,763 - utils - INFO - Starting analysis: Price Distribution
2025-04-06 19:54:04,403 - utils - INFO - MongoDB collections created
2025-04-06 19:54:04,416 - utils - INFO - MongoDB collections created
2025-04-06 19:54:04,782 - utils - INFO - Starting Exploratory Data Analysis
2025-04-06 19:54:04,803 - utils - INFO - Starting analysis: Price Distribution
2025-04-06 20:04:21,791 - utils - INFO - MongoDB collections created
2025-04-06 20:04:21,797 - utils - INFO - MongoDB collections created
2025-04-06 20:04:22,096 - utils - INFO - Starting Exploratory Data Analysis
2025-04-06 20:04:22,129 - utils - INFO - Starting analysis: Price Distribution
2025-04-06 20:04:22,479 - utils - INFO - Completed analysis: Price Distribution
2025-04-06 20:04:22,479 - utils - INFO - EDA complete - visualizations saved to ./eda_output
2025-04-06 20:04:22,479 - utils - INFO - Creating all features with 30 days lookback
2025-04-06 20:04:22,479 - utils - INFO - Creating user features
2025-04-06 20:05:00,115 - utils - INFO - MongoDB collections created
2025-04-06 20:05:00,124 - utils - INFO - MongoDB collections created
2025-04-06 20:05:00,398 - utils - INFO - Starting Exploratory Data Analysis
2025-04-06 20:05:00,425 - utils - INFO - Starting analysis: Price Distribution
2025-04-06 20:05:00,977 - utils - INFO - Completed analysis: Price Distribution
2025-04-06 20:05:00,978 - utils - INFO - EDA complete - visualizations saved to ./eda_output
2025-04-06 20:05:00,978 - utils - INFO - Creating all features with 30 days lookback
2025-04-06 20:05:00,978 - utils - INFO - Creating user features
2025-04-06 20:05:42,947 - utils - INFO - MongoDB collections created
2025-04-06 20:05:42,952 - utils - INFO - MongoDB collections created
2025-04-06 20:05:43,275 - utils - INFO - Starting Exploratory Data Analysis
2025-04-06 20:05:43,299 - utils - INFO - Starting analysis: Price Distribution
2025-04-06 20:05:44,666 - utils - INFO - Completed analysis: Price Distribution
2025-04-06 20:05:44,667 - utils - INFO - EDA complete - visualizations saved to ./eda_output
2025-04-06 20:05:44,667 - utils - INFO - Creating all features with 30 days lookback
2025-04-06 20:05:44,667 - utils - INFO - Creating user features
2025-04-06 20:06:32,621 - utils - INFO - MongoDB collections created
2025-04-06 20:06:32,629 - utils - INFO - MongoDB collections created
2025-04-06 20:06:32,952 - utils - INFO - Starting Exploratory Data Analysis
2025-04-06 20:06:32,974 - utils - INFO - Starting analysis: Price Distribution
2025-04-06 20:06:35,278 - utils - INFO - Completed analysis: Price Distribution
2025-04-06 20:06:35,280 - utils - INFO - EDA complete - visualizations saved to ./eda_output
2025-04-06 20:06:35,280 - utils - INFO - Creating all features with 30 days lookback
2025-04-06 20:06:35,280 - utils - INFO - Creating user features
2025-04-23 16:13:50,859 - utils - ERROR - MongoDB connection error: localhost:27017: [WinError 10061] No connection could be made because the target machine actively refused it (configured timeouts: socketTimeoutMS: 20000.0ms, connectTimeoutMS: 20000.0ms), Timeout: 30s, Topology Description: <TopologyDescription id: 680949e082726706a5ae9ae2, topology_type: Unknown, servers: [<ServerDescription ('localhost', 27017) server_type: Unknown, rtt: None, error=AutoReconnect('localhost:27017: [WinError 10061] No connection could be made because the target machine actively refused it (configured timeouts: socketTimeoutMS: 20000.0ms, connectTimeoutMS: 20000.0ms)')>]>
2025-04-23 16:14:20,962 - utils - ERROR - MongoDB connection error: localhost:27017: [WinError 10061] No connection could be made because the target machine actively refused it (configured timeouts: socketTimeoutMS: 20000.0ms, connectTimeoutMS: 20000.0ms), Timeout: 30s, Topology Description: <TopologyDescription id: 680949fe82726706a5ae9ae3, topology_type: Unknown, servers: [<ServerDescription ('localhost', 27017) server_type: Unknown, rtt: None, error=AutoReconnect('localhost:27017: [WinError 10061] No connection could be made because the target machine actively refused it (configured timeouts: socketTimeoutMS: 20000.0ms, connectTimeoutMS: 20000.0ms)')>]>
2025-04-23 16:14:22,699 - utils - INFO - Starting Exploratory Data Analysis
2025-04-23 16:17:51,736 - utils - ERROR - MongoDB connection error: localhost:27017: [WinError 10061] No connection could be made because the target machine actively refused it (configured timeouts: socketTimeoutMS: 20000.0ms, connectTimeoutMS: 20000.0ms), Timeout: 30s, Topology Description: <TopologyDescription id: 68094ad1ae9ef77a72646019, topology_type: Unknown, servers: [<ServerDescription ('localhost', 27017) server_type: Unknown, rtt: None, error=AutoReconnect('localhost:27017: [WinError 10061] No connection could be made because the target machine actively refused it (configured timeouts: socketTimeoutMS: 20000.0ms, connectTimeoutMS: 20000.0ms)')>]>
2025-04-23 16:18:22,238 - utils - ERROR - MongoDB connection error: localhost:27017: [WinError 10061] No connection could be made because the target machine actively refused it (configured timeouts: socketTimeoutMS: 20000.0ms, connectTimeoutMS: 20000.0ms), Timeout: 30s, Topology Description: <TopologyDescription id: 68094aefae9ef77a7264601a, topology_type: Unknown, servers: [<ServerDescription ('localhost', 27017) server_type: Unknown, rtt: None, error=AutoReconnect('localhost:27017: [WinError 10061] No connection could be made because the target machine actively refused it (configured timeouts: socketTimeoutMS: 20000.0ms, connectTimeoutMS: 20000.0ms)')>]>
2025-04-23 16:18:23,344 - utils - INFO - Starting Exploratory Data Analysis
2025-04-23 16:18:23,376 - utils - INFO - Starting analysis: Event Type Distribution
